<?xml version="1.0" encoding="UTF-8"?>
<!-- Generated by org.testng.reporters.JUnitReportReporter -->
<testsuite hostname="DESKTOP-19VCKBM" failures="0" tests="1" name="BddStyle.GetAllResources" time="4.113" errors="0" timestamp="2024-03-29T00:34:04 IST" skipped="0">
  <testcase classname="BddStyle.GetAllResources" name="createResourceFromEternalFile" time="4.113"/>
</testsuite> <!-- BddStyle.GetAllResources -->
