<?xml version="1.0" encoding="UTF-8"?>
<!-- Generated by org.testng.reporters.JUnitReportReporter -->
<testsuite hostname="DESKTOP-19VCKBM" failures="0" tests="1" name="NonBddStyle.Resources" time="3.306" errors="0" timestamp="2024-03-29T03:03:50 IST" skipped="0">
  <testcase classname="NonBddStyle.Resources" name="createResource" time="3.306"/>
</testsuite> <!-- NonBddStyle.Resources -->
