<?xml version="1.0" encoding="UTF-8"?>
<!-- Generated by org.testng.reporters.JUnitReportReporter -->
<testsuite hostname="DESKTOP-19VCKBM" failures="0" tests="1" name="NonBdd.GetAllResources" time="4.030" errors="0" timestamp="2024-03-28T00:18:19 IST" skipped="0">
  <testcase classname="NonBdd.GetAllResources" name="deleteResource" time="4.030"/>
</testsuite> <!-- NonBdd.GetAllResources -->
