<?xml version="1.0" encoding="UTF-8"?>
<!-- Generated by org.testng.reporters.JUnitReportReporter -->
<testsuite hostname="DESKTOP-19VCKBM" failures="0" tests="1" name="NonBdd.GetAllEmployees" time="3.829" errors="0" timestamp="2024-03-27T23:24:47 IST" skipped="0">
  <testcase classname="NonBdd.GetAllEmployees" name="getAllEmployees" time="3.829"/>
</testsuite> <!-- NonBdd.GetAllEmployees -->
