<?xml version="1.0" encoding="UTF-8"?>
<!-- Generated by org.testng.reporters.JUnitReportReporter -->
<testsuite hostname="DESKTOP-19VCKBM" failures="0" tests="1" name="NonBdd.Resources" time="3.441" errors="0" timestamp="2024-03-28T00:27:21 IST" skipped="0">
  <testcase classname="NonBdd.Resources" name="filterNestedResource" time="3.441"/>
</testsuite> <!-- NonBdd.Resources -->
